<?xml version="1.0" encoding="UTF-8"?>
<testsuite xmlns:xsi="http://www.w3.org/2001/XMLSchema-instance" xsi:noNamespaceSchemaLocation="https://maven.apache.org/surefire/maven-surefire-plugin/xsd/surefire-test-report.xsd" version="3.0.2" name="TestSuite" time="29.832" tests="6" errors="0" skipped="1" failures="0">
  <properties>
    <property name="java.specification.version" value="17"/>
    <property name="webdriver.chrome.driver" value="C:\Users\amalw\eclipse-workspace\DataDrivenFramework\src\test\resources\executables\chromedriver.exe"/>
    <property name="sun.cpu.isalist" value="amd64"/>
    <property name="sun.jnu.encoding" value="Cp1252"/>
    <property name="java.class.path" value="C:\Users\amalw\eclipse-workspace\DataDrivenFramework\target\test-classes;C:\Users\amalw\eclipse-workspace\DataDrivenFramework\target\classes;C:\Users\amalw\.m2\repository\org\testng\testng\7.10.2\testng-7.10.2.jar;C:\Users\amalw\.m2\repository\org\slf4j\slf4j-api\1.7.36\slf4j-api-1.7.36.jar;C:\Users\amalw\.m2\repository\com\beust\jcommander\1.82\jcommander-1.82.jar;C:\Users\amalw\.m2\repository\org\webjars\jquery\3.7.1\jquery-3.7.1.jar;C:\Users\amalw\.m2\repository\org\seleniumhq\selenium\selenium-java\4.29.0\selenium-java-4.29.0.jar;C:\Users\amalw\.m2\repository\org\seleniumhq\selenium\selenium-api\4.29.0\selenium-api-4.29.0.jar;C:\Users\amalw\.m2\repository\org\jspecify\jspecify\1.0.0\jspecify-1.0.0.jar;C:\Users\amalw\.m2\repository\org\seleniumhq\selenium\selenium-chrome-driver\4.29.0\selenium-chrome-driver-4.29.0.jar;C:\Users\amalw\.m2\repository\com\google\auto\service\auto-service-annotations\1.1.1\auto-service-annotations-1.1.1.jar;C:\Users\amalw\.m2\repository\org\seleniumhq\selenium\selenium-chromium-driver\4.29.0\selenium-chromium-driver-4.29.0.jar;C:\Users\amalw\.m2\repository\org\seleniumhq\selenium\selenium-json\4.29.0\selenium-json-4.29.0.jar;C:\Users\amalw\.m2\repository\org\seleniumhq\selenium\selenium-manager\4.29.0\selenium-manager-4.29.0.jar;C:\Users\amalw\.m2\repository\org\seleniumhq\selenium\selenium-devtools-v131\4.29.0\selenium-devtools-v131-4.29.0.jar;C:\Users\amalw\.m2\repository\org\seleniumhq\selenium\selenium-devtools-v132\4.29.0\selenium-devtools-v132-4.29.0.jar;C:\Users\amalw\.m2\repository\org\seleniumhq\selenium\selenium-devtools-v133\4.29.0\selenium-devtools-v133-4.29.0.jar;C:\Users\amalw\.m2\repository\org\seleniumhq\selenium\selenium-devtools-v85\4.29.0\selenium-devtools-v85-4.29.0.jar;C:\Users\amalw\.m2\repository\org\seleniumhq\selenium\selenium-edge-driver\4.29.0\selenium-edge-driver-4.29.0.jar;C:\Users\amalw\.m2\repository\org\seleniumhq\selenium\selenium-firefox-driver\4.29.0\selenium-firefox-driver-4.29.0.jar;C:\Users\amalw\.m2\repository\org\seleniumhq\selenium\selenium-http\4.29.0\selenium-http-4.29.0.jar;C:\Users\amalw\.m2\repository\org\seleniumhq\selenium\selenium-ie-driver\4.29.0\selenium-ie-driver-4.29.0.jar;C:\Users\amalw\.m2\repository\org\seleniumhq\selenium\selenium-remote-driver\4.29.0\selenium-remote-driver-4.29.0.jar;C:\Users\amalw\.m2\repository\io\opentelemetry\semconv\opentelemetry-semconv\1.28.0-alpha\opentelemetry-semconv-1.28.0-alpha.jar;C:\Users\amalw\.m2\repository\io\opentelemetry\opentelemetry-api\1.46.0\opentelemetry-api-1.46.0.jar;C:\Users\amalw\.m2\repository\io\opentelemetry\opentelemetry-context\1.46.0\opentelemetry-context-1.46.0.jar;C:\Users\amalw\.m2\repository\io\opentelemetry\opentelemetry-exporter-logging\1.46.0\opentelemetry-exporter-logging-1.46.0.jar;C:\Users\amalw\.m2\repository\io\opentelemetry\opentelemetry-sdk-common\1.46.0\opentelemetry-sdk-common-1.46.0.jar;C:\Users\amalw\.m2\repository\io\opentelemetry\opentelemetry-sdk-extension-autoconfigure-spi\1.46.0\opentelemetry-sdk-extension-autoconfigure-spi-1.46.0.jar;C:\Users\amalw\.m2\repository\io\opentelemetry\opentelemetry-sdk-extension-autoconfigure\1.46.0\opentelemetry-sdk-extension-autoconfigure-1.46.0.jar;C:\Users\amalw\.m2\repository\io\opentelemetry\opentelemetry-api-incubator\1.46.0-alpha\opentelemetry-api-incubator-1.46.0-alpha.jar;C:\Users\amalw\.m2\repository\io\opentelemetry\opentelemetry-sdk-trace\1.46.0\opentelemetry-sdk-trace-1.46.0.jar;C:\Users\amalw\.m2\repository\io\opentelemetry\opentelemetry-sdk\1.46.0\opentelemetry-sdk-1.46.0.jar;C:\Users\amalw\.m2\repository\io\opentelemetry\opentelemetry-sdk-metrics\1.46.0\opentelemetry-sdk-metrics-1.46.0.jar;C:\Users\amalw\.m2\repository\io\opentelemetry\opentelemetry-sdk-logs\1.46.0\opentelemetry-sdk-logs-1.46.0.jar;C:\Users\amalw\.m2\repository\net\bytebuddy\byte-buddy\1.15.11\byte-buddy-1.15.11.jar;C:\Users\amalw\.m2\repository\org\seleniumhq\selenium\selenium-os\4.29.0\selenium-os-4.29.0.jar;C:\Users\amalw\.m2\repository\org\apache\commons\commons-exec\1.4.0\commons-exec-1.4.0.jar;C:\Users\amalw\.m2\repository\org\seleniumhq\selenium\selenium-safari-driver\4.29.0\selenium-safari-driver-4.29.0.jar;C:\Users\amalw\.m2\repository\org\seleniumhq\selenium\selenium-support\4.29.0\selenium-support-4.29.0.jar;C:\Users\amalw\.m2\repository\com\aventstack\extentreports\5.1.2\extentreports-5.1.2.jar;C:\Users\amalw\.m2\repository\io\reactivex\rxjava3\rxjava\3.1.6\rxjava-3.1.6.jar;C:\Users\amalw\.m2\repository\org\reactivestreams\reactive-streams\1.0.4\reactive-streams-1.0.4.jar;C:\Users\amalw\.m2\repository\org\freemarker\freemarker\2.3.32\freemarker-2.3.32.jar;C:\Users\amalw\.m2\repository\org\projectlombok\lombok\1.18.26\lombok-1.18.26.jar;C:\Users\amalw\.m2\repository\com\google\code\gson\gson\2.10.1\gson-2.10.1.jar;C:\Users\amalw\.m2\repository\org\apache\logging\log4j\log4j-core\2.24.1\log4j-core-2.24.1.jar;C:\Users\amalw\.m2\repository\com\sun\mail\javax.mail\1.6.1\javax.mail-1.6.1.jar;C:\Users\amalw\.m2\repository\javax\activation\activation\1.1\activation-1.1.jar;C:\Users\amalw\.m2\repository\org\uncommons\reportng\1.1.4\reportng-1.1.4.jar;C:\Users\amalw\.m2\repository\velocity\velocity\1.4\velocity-1.4.jar;C:\Users\amalw\.m2\repository\velocity\velocity-dep\1.4\velocity-dep-1.4.jar;C:\Users\amalw\.m2\repository\com\google\inject\guice\7.0.0\guice-7.0.0.jar;C:\Users\amalw\.m2\repository\jakarta\inject\jakarta.inject-api\2.0.1\jakarta.inject-api-2.0.1.jar;C:\Users\amalw\.m2\repository\aopalliance\aopalliance\1.0\aopalliance-1.0.jar;C:\Users\amalw\.m2\repository\com\google\guava\guava\31.0.1-jre\guava-31.0.1-jre.jar;C:\Users\amalw\.m2\repository\com\google\guava\failureaccess\1.0.1\failureaccess-1.0.1.jar;C:\Users\amalw\.m2\repository\com\google\guava\listenablefuture\9999.0-empty-to-avoid-conflict-with-guava\listenablefuture-9999.0-empty-to-avoid-conflict-with-guava.jar;C:\Users\amalw\.m2\repository\com\google\code\findbugs\jsr305\3.0.2\jsr305-3.0.2.jar;C:\Users\amalw\.m2\repository\org\checkerframework\checker-qual\3.12.0\checker-qual-3.12.0.jar;C:\Users\amalw\.m2\repository\com\google\errorprone\error_prone_annotations\2.7.1\error_prone_annotations-2.7.1.jar;C:\Users\amalw\.m2\repository\com\google\j2objc\j2objc-annotations\1.3\j2objc-annotations-1.3.jar;C:\Users\amalw\.m2\repository\com\mysql\mysql-connector-j\9.2.0\mysql-connector-j-9.2.0.jar;C:\Users\amalw\.m2\repository\com\google\protobuf\protobuf-java\4.29.0\protobuf-java-4.29.0.jar;C:\Users\amalw\.m2\repository\org\apache\poi\poi\3.6\poi-3.6.jar;C:\Users\amalw\.m2\repository\commons-logging\commons-logging\1.1\commons-logging-1.1.jar;C:\Users\amalw\.m2\repository\logkit\logkit\1.0.1\logkit-1.0.1.jar;C:\Users\amalw\.m2\repository\avalon-framework\avalon-framework\4.1.3\avalon-framework-4.1.3.jar;C:\Users\amalw\.m2\repository\javax\servlet\servlet-api\2.3\servlet-api-2.3.jar;C:\Users\amalw\.m2\repository\log4j\log4j\1.2.13\log4j-1.2.13.jar;C:\Users\amalw\.m2\repository\org\apache\poi\poi-ooxml\3.6\poi-ooxml-3.6.jar;C:\Users\amalw\.m2\repository\dom4j\dom4j\1.6.1\dom4j-1.6.1.jar;C:\Users\amalw\.m2\repository\xml-apis\xml-apis\1.0.b2\xml-apis-1.0.b2.jar;C:\Users\amalw\.m2\repository\commons-io\commons-io\2.18.0\commons-io-2.18.0.jar;C:\Users\amalw\.m2\repository\org\dom4j\dom4j\2.1.4\dom4j-2.1.4.jar;C:\Users\amalw\.m2\repository\org\apache\xmlbeans\xmlbeans\2.3.0\xmlbeans-2.3.0.jar;C:\Users\amalw\.m2\repository\stax\stax-api\1.0.1\stax-api-1.0.1.jar;C:\Users\amalw\.m2\repository\org\apache\poi\poi-ooxml-schemas\3.6\poi-ooxml-schemas-3.6.jar;C:\Users\amalw\.m2\repository\org\apache\geronimo\specs\geronimo-stax-api_1.0_spec\1.0\geronimo-stax-api_1.0_spec-1.0.jar;C:\Users\amalw\.m2\repository\org\apache\logging\log4j\log4j-api\2.24.1\log4j-api-2.24.1.jar;"/>
    <property name="java.vm.vendor" value="Oracle Corporation"/>
    <property name="sun.arch.data.model" value="64"/>
    <property name="user.variant" value=""/>
    <property name="java.vendor.url" value="https://java.oracle.com/"/>
    <property name="user.timezone" value="America/New_York"/>
    <property name="os.name" value="Windows 11"/>
    <property name="java.vm.specification.version" value="17"/>
    <property name="sun.java.launcher" value="SUN_STANDARD"/>
    <property name="user.country" value="US"/>
    <property name="sun.boot.library.path" value="C:\Program Files\Java\jdk-17.0.5\bin"/>
    <property name="sun.java.command" value="C:\Users\amalw\AppData\Local\Temp\surefire16827956695865166874\surefirebooter-20250315212735237_3.jar C:\Users\amalw\AppData\Local\Temp\surefire16827956695865166874 2025-03-15T21-27-34_923-jvmRun1 surefire-20250315212735237_1tmp surefire_0-20250315212735237_2tmp"/>
    <property name="jdk.debug" value="release"/>
    <property name="surefire.test.class.path" value="C:\Users\amalw\eclipse-workspace\DataDrivenFramework\target\test-classes;C:\Users\amalw\eclipse-workspace\DataDrivenFramework\target\classes;C:\Users\amalw\.m2\repository\org\testng\testng\7.10.2\testng-7.10.2.jar;C:\Users\amalw\.m2\repository\org\slf4j\slf4j-api\1.7.36\slf4j-api-1.7.36.jar;C:\Users\amalw\.m2\repository\com\beust\jcommander\1.82\jcommander-1.82.jar;C:\Users\amalw\.m2\repository\org\webjars\jquery\3.7.1\jquery-3.7.1.jar;C:\Users\amalw\.m2\repository\org\seleniumhq\selenium\selenium-java\4.29.0\selenium-java-4.29.0.jar;C:\Users\amalw\.m2\repository\org\seleniumhq\selenium\selenium-api\4.29.0\selenium-api-4.29.0.jar;C:\Users\amalw\.m2\repository\org\jspecify\jspecify\1.0.0\jspecify-1.0.0.jar;C:\Users\amalw\.m2\repository\org\seleniumhq\selenium\selenium-chrome-driver\4.29.0\selenium-chrome-driver-4.29.0.jar;C:\Users\amalw\.m2\repository\com\google\auto\service\auto-service-annotations\1.1.1\auto-service-annotations-1.1.1.jar;C:\Users\amalw\.m2\repository\org\seleniumhq\selenium\selenium-chromium-driver\4.29.0\selenium-chromium-driver-4.29.0.jar;C:\Users\amalw\.m2\repository\org\seleniumhq\selenium\selenium-json\4.29.0\selenium-json-4.29.0.jar;C:\Users\amalw\.m2\repository\org\seleniumhq\selenium\selenium-manager\4.29.0\selenium-manager-4.29.0.jar;C:\Users\amalw\.m2\repository\org\seleniumhq\selenium\selenium-devtools-v131\4.29.0\selenium-devtools-v131-4.29.0.jar;C:\Users\amalw\.m2\repository\org\seleniumhq\selenium\selenium-devtools-v132\4.29.0\selenium-devtools-v132-4.29.0.jar;C:\Users\amalw\.m2\repository\org\seleniumhq\selenium\selenium-devtools-v133\4.29.0\selenium-devtools-v133-4.29.0.jar;C:\Users\amalw\.m2\repository\org\seleniumhq\selenium\selenium-devtools-v85\4.29.0\selenium-devtools-v85-4.29.0.jar;C:\Users\amalw\.m2\repository\org\seleniumhq\selenium\selenium-edge-driver\4.29.0\selenium-edge-driver-4.29.0.jar;C:\Users\amalw\.m2\repository\org\seleniumhq\selenium\selenium-firefox-driver\4.29.0\selenium-firefox-driver-4.29.0.jar;C:\Users\amalw\.m2\repository\org\seleniumhq\selenium\selenium-http\4.29.0\selenium-http-4.29.0.jar;C:\Users\amalw\.m2\repository\org\seleniumhq\selenium\selenium-ie-driver\4.29.0\selenium-ie-driver-4.29.0.jar;C:\Users\amalw\.m2\repository\org\seleniumhq\selenium\selenium-remote-driver\4.29.0\selenium-remote-driver-4.29.0.jar;C:\Users\amalw\.m2\repository\io\opentelemetry\semconv\opentelemetry-semconv\1.28.0-alpha\opentelemetry-semconv-1.28.0-alpha.jar;C:\Users\amalw\.m2\repository\io\opentelemetry\opentelemetry-api\1.46.0\opentelemetry-api-1.46.0.jar;C:\Users\amalw\.m2\repository\io\opentelemetry\opentelemetry-context\1.46.0\opentelemetry-context-1.46.0.jar;C:\Users\amalw\.m2\repository\io\opentelemetry\opentelemetry-exporter-logging\1.46.0\opentelemetry-exporter-logging-1.46.0.jar;C:\Users\amalw\.m2\repository\io\opentelemetry\opentelemetry-sdk-common\1.46.0\opentelemetry-sdk-common-1.46.0.jar;C:\Users\amalw\.m2\repository\io\opentelemetry\opentelemetry-sdk-extension-autoconfigure-spi\1.46.0\opentelemetry-sdk-extension-autoconfigure-spi-1.46.0.jar;C:\Users\amalw\.m2\repository\io\opentelemetry\opentelemetry-sdk-extension-autoconfigure\1.46.0\opentelemetry-sdk-extension-autoconfigure-1.46.0.jar;C:\Users\amalw\.m2\repository\io\opentelemetry\opentelemetry-api-incubator\1.46.0-alpha\opentelemetry-api-incubator-1.46.0-alpha.jar;C:\Users\amalw\.m2\repository\io\opentelemetry\opentelemetry-sdk-trace\1.46.0\opentelemetry-sdk-trace-1.46.0.jar;C:\Users\amalw\.m2\repository\io\opentelemetry\opentelemetry-sdk\1.46.0\opentelemetry-sdk-1.46.0.jar;C:\Users\amalw\.m2\repository\io\opentelemetry\opentelemetry-sdk-metrics\1.46.0\opentelemetry-sdk-metrics-1.46.0.jar;C:\Users\amalw\.m2\repository\io\opentelemetry\opentelemetry-sdk-logs\1.46.0\opentelemetry-sdk-logs-1.46.0.jar;C:\Users\amalw\.m2\repository\net\bytebuddy\byte-buddy\1.15.11\byte-buddy-1.15.11.jar;C:\Users\amalw\.m2\repository\org\seleniumhq\selenium\selenium-os\4.29.0\selenium-os-4.29.0.jar;C:\Users\amalw\.m2\repository\org\apache\commons\commons-exec\1.4.0\commons-exec-1.4.0.jar;C:\Users\amalw\.m2\repository\org\seleniumhq\selenium\selenium-safari-driver\4.29.0\selenium-safari-driver-4.29.0.jar;C:\Users\amalw\.m2\repository\org\seleniumhq\selenium\selenium-support\4.29.0\selenium-support-4.29.0.jar;C:\Users\amalw\.m2\repository\com\aventstack\extentreports\5.1.2\extentreports-5.1.2.jar;C:\Users\amalw\.m2\repository\io\reactivex\rxjava3\rxjava\3.1.6\rxjava-3.1.6.jar;C:\Users\amalw\.m2\repository\org\reactivestreams\reactive-streams\1.0.4\reactive-streams-1.0.4.jar;C:\Users\amalw\.m2\repository\org\freemarker\freemarker\2.3.32\freemarker-2.3.32.jar;C:\Users\amalw\.m2\repository\org\projectlombok\lombok\1.18.26\lombok-1.18.26.jar;C:\Users\amalw\.m2\repository\com\google\code\gson\gson\2.10.1\gson-2.10.1.jar;C:\Users\amalw\.m2\repository\org\apache\logging\log4j\log4j-core\2.24.1\log4j-core-2.24.1.jar;C:\Users\amalw\.m2\repository\com\sun\mail\javax.mail\1.6.1\javax.mail-1.6.1.jar;C:\Users\amalw\.m2\repository\javax\activation\activation\1.1\activation-1.1.jar;C:\Users\amalw\.m2\repository\org\uncommons\reportng\1.1.4\reportng-1.1.4.jar;C:\Users\amalw\.m2\repository\velocity\velocity\1.4\velocity-1.4.jar;C:\Users\amalw\.m2\repository\velocity\velocity-dep\1.4\velocity-dep-1.4.jar;C:\Users\amalw\.m2\repository\com\google\inject\guice\7.0.0\guice-7.0.0.jar;C:\Users\amalw\.m2\repository\jakarta\inject\jakarta.inject-api\2.0.1\jakarta.inject-api-2.0.1.jar;C:\Users\amalw\.m2\repository\aopalliance\aopalliance\1.0\aopalliance-1.0.jar;C:\Users\amalw\.m2\repository\com\google\guava\guava\31.0.1-jre\guava-31.0.1-jre.jar;C:\Users\amalw\.m2\repository\com\google\guava\failureaccess\1.0.1\failureaccess-1.0.1.jar;C:\Users\amalw\.m2\repository\com\google\guava\listenablefuture\9999.0-empty-to-avoid-conflict-with-guava\listenablefuture-9999.0-empty-to-avoid-conflict-with-guava.jar;C:\Users\amalw\.m2\repository\com\google\code\findbugs\jsr305\3.0.2\jsr305-3.0.2.jar;C:\Users\amalw\.m2\repository\org\checkerframework\checker-qual\3.12.0\checker-qual-3.12.0.jar;C:\Users\amalw\.m2\repository\com\google\errorprone\error_prone_annotations\2.7.1\error_prone_annotations-2.7.1.jar;C:\Users\amalw\.m2\repository\com\google\j2objc\j2objc-annotations\1.3\j2objc-annotations-1.3.jar;C:\Users\amalw\.m2\repository\com\mysql\mysql-connector-j\9.2.0\mysql-connector-j-9.2.0.jar;C:\Users\amalw\.m2\repository\com\google\protobuf\protobuf-java\4.29.0\protobuf-java-4.29.0.jar;C:\Users\amalw\.m2\repository\org\apache\poi\poi\3.6\poi-3.6.jar;C:\Users\amalw\.m2\repository\commons-logging\commons-logging\1.1\commons-logging-1.1.jar;C:\Users\amalw\.m2\repository\logkit\logkit\1.0.1\logkit-1.0.1.jar;C:\Users\amalw\.m2\repository\avalon-framework\avalon-framework\4.1.3\avalon-framework-4.1.3.jar;C:\Users\amalw\.m2\repository\javax\servlet\servlet-api\2.3\servlet-api-2.3.jar;C:\Users\amalw\.m2\repository\log4j\log4j\1.2.13\log4j-1.2.13.jar;C:\Users\amalw\.m2\repository\org\apache\poi\poi-ooxml\3.6\poi-ooxml-3.6.jar;C:\Users\amalw\.m2\repository\dom4j\dom4j\1.6.1\dom4j-1.6.1.jar;C:\Users\amalw\.m2\repository\xml-apis\xml-apis\1.0.b2\xml-apis-1.0.b2.jar;C:\Users\amalw\.m2\repository\commons-io\commons-io\2.18.0\commons-io-2.18.0.jar;C:\Users\amalw\.m2\repository\org\dom4j\dom4j\2.1.4\dom4j-2.1.4.jar;C:\Users\amalw\.m2\repository\org\apache\xmlbeans\xmlbeans\2.3.0\xmlbeans-2.3.0.jar;C:\Users\amalw\.m2\repository\stax\stax-api\1.0.1\stax-api-1.0.1.jar;C:\Users\amalw\.m2\repository\org\apache\poi\poi-ooxml-schemas\3.6\poi-ooxml-schemas-3.6.jar;C:\Users\amalw\.m2\repository\org\apache\geronimo\specs\geronimo-stax-api_1.0_spec\1.0\geronimo-stax-api_1.0_spec-1.0.jar;C:\Users\amalw\.m2\repository\org\apache\logging\log4j\log4j-api\2.24.1\log4j-api-2.24.1.jar;"/>
    <property name="sun.cpu.endian" value="little"/>
    <property name="user.home" value="C:\Users\amalw"/>
    <property name="user.language" value="en"/>
    <property name="java.specification.vendor" value="Oracle Corporation"/>
    <property name="java.version.date" value="2022-10-18"/>
    <property name="java.home" value="C:\Program Files\Java\jdk-17.0.5"/>
    <property name="file.separator" value="\"/>
    <property name="style.color" value="always"/>
    <property name="basedir" value="C:\Users\amalw\eclipse-workspace\DataDrivenFramework"/>
    <property name="java.vm.compressedOopsMode" value="Zero based"/>
    <property name="line.separator" value="&#10;"/>
    <property name="java.vm.specification.vendor" value="Oracle Corporation"/>
    <property name="java.specification.name" value="Java Platform API Specification"/>
    <property name="surefire.real.class.path" value="C:\Users\amalw\AppData\Local\Temp\surefire16827956695865166874\surefirebooter-20250315212735237_3.jar"/>
    <property name="user.script" value=""/>
    <property name="sun.management.compiler" value="HotSpot 64-Bit Tiered Compilers"/>
    <property name="java.runtime.version" value="17.0.5+9-LTS-191"/>
    <property name="user.name" value="amalw"/>
    <property name="path.separator" value=";"/>
    <property name="os.version" value="10.0"/>
    <property name="java.runtime.name" value="Java(TM) SE Runtime Environment"/>
    <property name="file.encoding" value="Cp1252"/>
    <property name="java.vm.name" value="Java HotSpot(TM) 64-Bit Server VM"/>
    <property name="localRepository" value="C:\Users\amalw\.m2\repository"/>
    <property name="java.vendor.url.bug" value="https://bugreport.java.com/bugreport/"/>
    <property name="java.io.tmpdir" value="C:\Users\amalw\AppData\Local\Temp\"/>
    <property name="java.version" value="17.0.5"/>
    <property name="user.dir" value="C:\Users\amalw\eclipse-workspace\DataDrivenFramework"/>
    <property name="os.arch" value="amd64"/>
    <property name="java.vm.specification.name" value="Java Virtual Machine Specification"/>
    <property name="sun.os.patch.level" value=""/>
    <property name="native.encoding" value="Cp1252"/>
    <property name="java.library.path" value="C:\Program Files\Java\jdk-17.0.5\bin;C:\WINDOWS\Sun\Java\bin;C:\WINDOWS\system32;C:\WINDOWS;C:/Users/amalw/Downloads/eclipse-java-2022-09-R-win32-x86_64/eclipse//plugins/org.eclipse.justj.openjdk.hotspot.jre.full.win32.x86_64_17.0.4.v20220903-1038/jre/bin/server;C:/Users/amalw/Downloads/eclipse-java-2022-09-R-win32-x86_64/eclipse//plugins/org.eclipse.justj.openjdk.hotspot.jre.full.win32.x86_64_17.0.4.v20220903-1038/jre/bin;C:\Program Files\Common Files\Oracle\Java\javapath;C:\windows\system32;C:\windows;C:\windows\System32\Wbem;C:\windows\System32\WindowsPowerShell\v1.0\;C:\windows\System32\OpenSSH\;C:\Program Files (x86)\NVIDIA Corporation\PhysX\Common;C:\Program Files\NVIDIA Corporation\NVIDIA NvDLISR;C:\WINDOWS\system32;C:\WINDOWS;C:\WINDOWS\System32\Wbem;C:\WINDOWS\System32\WindowsPowerShell\v1.0\;C:\WINDOWS\System32\OpenSSH\;C:\Users\amalw\apache-maven-3.9.9\bin;C:\Users\amalw\AppData\Local\Microsoft\WindowsApps;;C:\Users\amalw\Downloads\eclipse-java-2022-09-R-win32-x86_64\eclipse;;."/>
    <property name="java.vm.info" value="mixed mode, sharing"/>
    <property name="java.vendor" value="Oracle Corporation"/>
    <property name="java.vm.version" value="17.0.5+9-LTS-191"/>
    <property name="sun.io.unicode.encoding" value="UnicodeLittle"/>
    <property name="java.class.version" value="61.0"/>
  </properties>
  <testcase name="bankManagerLoginTest" classname="amal2004.testcases.BankManagerLoginTest" time="5.132">
    <system-out><![CDATA[2025-03-16T01:27:35.951391100Z main DEBUG Apache Log4j Core 2.24 initializing configuration XmlConfiguration[location=C:\Users\amalw\eclipse-workspace\DataDrivenFramework\target\test-classes\log4j2.xml, lastModified=2025-03-16T01:26:25.035Z]
2025-03-16T01:27:35.953612600Z main DEBUG PluginManager 'Core' found 131 plugins
2025-03-16T01:27:35.953612600Z main DEBUG PluginManager 'Level' found 0 plugins
2025-03-16T01:27:35.955526800Z main DEBUG PluginManager 'Lookup' found 16 plugins
2025-03-16T01:27:35.956526500Z main DEBUG Building Plugin[name=layout, class=org.apache.logging.log4j.core.layout.PatternLayout].
2025-03-16T01:27:35.965526900Z main TRACE TypeConverterRegistry initializing.
2025-03-16T01:27:35.965526900Z main DEBUG PluginManager 'TypeConverter' found 26 plugins
2025-03-16T01:27:35.972526400Z main DEBUG PatternLayout$Builder(pattern="%d{yyyy-MM-dd HH:mm:ss.SSS} [%t] %-5level %logger{36} - %msg%n", PatternSelector=null, Configuration(C:\Users\amalw\eclipse-workspace\DataDrivenFramework\target\test-classes\log4j2.xml), Replace=null, charset="null", alwaysWriteExceptions="null", disableAnsi="null", noConsoleNoAnsi="null", header="null", footer="null")
2025-03-16T01:27:35.972526400Z main DEBUG PluginManager 'Converter' found 45 plugins
2025-03-16T01:27:35.975611400Z main DEBUG Building Plugin[name=TimeBasedTriggeringPolicy, class=org.apache.logging.log4j.core.appender.rolling.TimeBasedTriggeringPolicy].
2025-03-16T01:27:35.976621600Z main DEBUG TimeBasedTriggeringPolicy$Builder(interval="null", modulate="null", maxRandomDelay="null")
2025-03-16T01:27:35.977540600Z main DEBUG Building Plugin[name=SizeBasedTriggeringPolicy, class=org.apache.logging.log4j.core.appender.rolling.SizeBasedTriggeringPolicy].
2025-03-16T01:27:35.979524700Z main DEBUG createPolicy(size="250 MB")
2025-03-16T01:27:35.980541500Z main DEBUG Building Plugin[name=Policies, class=org.apache.logging.log4j.core.appender.rolling.CompositeTriggeringPolicy].
2025-03-16T01:27:35.981635200Z main DEBUG createPolicy(={TimeBasedTriggeringPolicy(nextRolloverMillis=0, interval=1, modulate=false), SizeBasedTriggeringPolicy(size=262144000)})
2025-03-16T01:27:35.981635200Z main DEBUG Building Plugin[name=appender, class=org.apache.logging.log4j.core.appender.RollingFileAppender].
2025-03-16T01:27:35.986638200Z main DEBUG RollingFileAppender$Builder(fileName="C:\Users\amalw\eclipse-workspace\DataDrivenFramework\src\test\resources\logs\Application.log", filePattern="logs/${date:yyyy-MM}/app-%d{MM-dd-yyyy}-%i.log.gz", append="null", locking="null", Policies(CompositeTriggeringPolicy(policies=[TimeBasedTriggeringPolicy(nextRolloverMillis=0, interval=1, modulate=false), SizeBasedTriggeringPolicy(size=262144000)])), Strategy=null, advertise="null", advertiseUri="null", createOnDemand="null", filePermissions="null", fileOwner="null", fileGroup="null", bufferedIo="null", bufferSize="null", immediateFlush="null", ignoreExceptions="null", PatternLayout(%d{yyyy-MM-dd HH:mm:ss.SSS} [%t] %-5level %logger{36} - %msg%n), name="rolling", Configuration(C:\Users\amalw\eclipse-workspace\DataDrivenFramework\target\test-classes\log4j2.xml), Filter=null, ={})
2025-03-16T01:27:35.990647800Z main TRACE New file 'C:\Users\amalw\eclipse-workspace\DataDrivenFramework\src\test\resources\logs\Application.log' created = false
2025-03-16T01:27:35.992726300Z main DEBUG Returning file creation time for C:\Users\amalw\eclipse-workspace\DataDrivenFramework\src\test\resources\logs\Application.log
2025-03-16T01:27:35.992726300Z main DEBUG Starting RollingFileManager C:\Users\amalw\eclipse-workspace\DataDrivenFramework\src\test\resources\logs\Application.log
2025-03-16T01:27:35.993725600Z main DEBUG PluginManager 'FileConverter' found 2 plugins
2025-03-16T01:27:35.995726700Z main DEBUG Setting prev file time to 2025-03-15T19:09:11.985-0400
2025-03-16T01:27:35.996725700Z main DEBUG Initializing triggering policy CompositeTriggeringPolicy(policies=[TimeBasedTriggeringPolicy(nextRolloverMillis=0, interval=1, modulate=false), SizeBasedTriggeringPolicy(size=262144000)])
2025-03-16T01:27:35.996725700Z main DEBUG Initializing triggering policy TimeBasedTriggeringPolicy(nextRolloverMillis=0, interval=1, modulate=false)
2025-03-16T01:27:35.996725700Z main TRACE PatternProcessor.getNextTime returning 2025/03/16-00:00:00.000, nextFileTime=2025/03/15-00:00:00.000, prevFileTime=1969/12/31-19:00:00.000, current=2025/03/15-21:27:35.996, freq=DAILY
2025-03-16T01:27:35.997713700Z main TRACE PatternProcessor.getNextTime returning 2025/03/16-00:00:00.000, nextFileTime=2025/03/15-00:00:00.000, prevFileTime=2025/03/15-00:00:00.000, current=2025/03/15-21:27:35.997, freq=DAILY
2025-03-16T01:27:35.997713700Z main DEBUG Initializing triggering policy SizeBasedTriggeringPolicy(size=262144000)
2025-03-16T01:27:35.997713700Z main DEBUG Building Plugin[name=Appenders, class=org.apache.logging.log4j.core.config.AppendersPlugin].
2025-03-16T01:27:35.997713700Z main DEBUG createAppenders(={rolling})
2025-03-16T01:27:35.998668500Z main DEBUG Building Plugin[name=AppenderRef, class=org.apache.logging.log4j.core.config.AppenderRef].
2025-03-16T01:27:35.998668500Z main DEBUG createAppenderRef(ref="rolling", level="null", Filter=null)
2025-03-16T01:27:35.998668500Z main DEBUG Building Plugin[name=Root, class=org.apache.logging.log4j.core.config.LoggerConfig$RootLogger].
2025-03-16T01:27:35.999670500Z main DEBUG LoggerConfig$RootLogger$Builder(additivity="null", level="DEBUG", levelAndRefs="null", includeLocation="null", ={rolling}, ={}, Configuration(C:\Users\amalw\eclipse-workspace\DataDrivenFramework\target\test-classes\log4j2.xml), Filter=null)
2025-03-16T01:27:36.001671900Z main DEBUG Building Plugin[name=Loggers, class=org.apache.logging.log4j.core.config.LoggersPlugin].
2025-03-16T01:27:36.002646300Z main DEBUG createLoggers(={root})
2025-03-16T01:27:36.002973300Z main DEBUG Configuration XmlConfiguration[location=C:\Users\amalw\eclipse-workspace\DataDrivenFramework\target\test-classes\log4j2.xml, lastModified=2025-03-16T01:26:25.035Z] initialized
2025-03-16T01:27:36.002973300Z main INFO Starting configuration XmlConfiguration[location=C:\Users\amalw\eclipse-workspace\DataDrivenFramework\target\test-classes\log4j2.xml, lastModified=2025-03-16T01:26:25.035Z]...
2025-03-16T01:27:36.002973300Z main INFO Start watching for changes to C:\Users\amalw\eclipse-workspace\DataDrivenFramework\target\test-classes\log4j2.xml every 0 seconds
2025-03-16T01:27:36.002973300Z main INFO Configuration XmlConfiguration[location=C:\Users\amalw\eclipse-workspace\DataDrivenFramework\target\test-classes\log4j2.xml, lastModified=2025-03-16T01:26:25.035Z] started.
2025-03-16T01:27:36.003975600Z main INFO Stopping configuration org.apache.logging.log4j.core.config.DefaultConfiguration@614ca7df...
2025-03-16T01:27:36.003975600Z main TRACE DefaultConfiguration notified 1 ReliabilityStrategies that config will be stopped.
2025-03-16T01:27:36.003975600Z main TRACE DefaultConfiguration stopping root LoggerConfig.
2025-03-16T01:27:36.003975600Z main TRACE DefaultConfiguration notifying ReliabilityStrategies that appenders will be stopped.
2025-03-16T01:27:36.003975600Z main TRACE DefaultConfiguration stopping remaining Appenders.
2025-03-16T01:27:36.003975600Z main DEBUG Shutting down OutputStreamManager SYSTEM_OUT.false.false-1
2025-03-16T01:27:36.003975600Z main DEBUG OutputStream closed
2025-03-16T01:27:36.003975600Z main DEBUG Shut down OutputStreamManager SYSTEM_OUT.false.false-1, all resources released: true
2025-03-16T01:27:36.005052700Z main DEBUG Appender DefaultConsole-1 stopped with status true
2025-03-16T01:27:36.005052700Z main TRACE DefaultConfiguration stopped 1 remaining Appenders.
2025-03-16T01:27:36.005052700Z main TRACE DefaultConfiguration cleaning Appenders from 1 LoggerConfigs.
2025-03-16T01:27:36.005052700Z main INFO Configuration org.apache.logging.log4j.core.config.DefaultConfiguration@614ca7df stopped.
2025-03-16T01:27:36.006093700Z main TRACE Using default SystemClock for timestamps.
2025-03-16T01:27:36.007057800Z main DEBUG org.apache.logging.log4j.core.util.SystemClock supports precise timestamps.
2025-03-16T01:27:36.007932600Z main TRACE Using DummyNanoClock for nanosecond timestamps.
2025-03-16T01:27:36.007932600Z main DEBUG Reconfiguration complete for context[name=73d16e93] at URI C:\Users\amalw\eclipse-workspace\DataDrivenFramework\target\test-classes\log4j2.xml (org.apache.logging.log4j.core.LoggerContext@420a85c4) with optional ClassLoader: null
2025-03-16T01:27:36.007932600Z main DEBUG Shutdown hook enabled. Registering a new one.
2025-03-16T01:27:36.008934700Z main DEBUG LoggerContext[name=73d16e93, org.apache.logging.log4j.core.LoggerContext@420a85c4] started OK.
2025-03-16T01:27:36.620799100Z main DEBUG AsyncLogger.ThreadNameStrategy=UNCACHED (user specified null, default is UNCACHED)
2025-03-16T01:27:36.621798400Z main TRACE Using default SystemClock for timestamps.
2025-03-16T01:27:36.621798400Z main DEBUG org.apache.logging.log4j.core.util.SystemClock supports precise timestamps.
chrome
locator : bmlBtn_CSS
]]></system-out>
    <system-err><![CDATA[SLF4J: Failed to load class "org.slf4j.impl.StaticLoggerBinder".
SLF4J: Defaulting to no-operation (NOP) logger implementation
SLF4J: See http://www.slf4j.org/codes.html#StaticLoggerBinder for further details.
Mar 15, 2025 9:27:37 PM org.openqa.selenium.devtools.CdpVersionFinder findNearestMatch
WARNING: Unable to find an exact match for CDP version 134, returning the closest version; found: 133; Please update to a Selenium version that supports CDP version 134
]]></system-err>
  </testcase>
  <testcase name="addCustomerTest[{alerttext=Customer added successfully, postcode=A234wd, lastname=Wee, runmode=Y, firstname=Amal}](1)" classname="amal2004.testcases.AddCustomerTest" time="5.635">
    <system-out><![CDATA[locator : addCustBtn_CSS
locator : addbtn_CSS
]]></system-out>
    <system-err><![CDATA[log4j:WARN No appenders could be found for logger (freemarker.cache).
log4j:WARN Please initialize the log4j system properly.
]]></system-err>
  </testcase>
  <testcase name="addCustomerTest[{alerttext=Customer added successfully, postcode=A234wd, lastname=Arora, runmode=N, firstname=Rahul}](2)" classname="amal2004.testcases.AddCustomerTest" time="0.0">
    <skipped message="Skipping the test case as the Run mode for data set is NO"/>
  </testcase>
  <testcase name="addCustomerTest[{alerttext=Customer added successfully, postcode=A234wd, lastname=Arora, runmode=Y, firstname=Ishita}](3)" classname="amal2004.testcases.AddCustomerTest" time="4.365">
    <system-out><![CDATA[locator : addCustBtn_CSS
locator : addbtn_CSS
]]></system-out>
  </testcase>
  <testcase name="addCustomerTest[{alerttext=Customer added successfully, postcode=A234wd, lastname=Sehgal, runmode=Y, firstname=Rohit}](4)" classname="amal2004.testcases.AddCustomerTest" time="4.311">
    <system-out><![CDATA[locator : addCustBtn_CSS
locator : addbtn_CSS
]]></system-out>
  </testcase>
  <testcase name="openAccountTest[{currency=Rupee, customer=Amal Wee}](1)" classname="amal2004.testcases.OpenAccountTest" time="3.579">
    <system-out><![CDATA[locator : openaccount_CSS
locator : process_CSS
]]></system-out>
  </testcase>
</testsuite>