<?xml version="1.0" encoding="UTF-8"?>
<!-- Generated by org.testng.reporters.JUnitReportReporter -->
<testsuite hostname="Amals_HP_Envy" failures="0" tests="1" name="amal2004.testcases.BankManagerLoginTest" time="5.133" errors="0" timestamp="2025-03-29T17:40:37 EDT" skipped="0">
  <testcase classname="amal2004.testcases.BankManagerLoginTest" name="bankManagerLoginTest" time="5.133">
    <system-out>
      <![CDATA[Login Successfully Executed!]]>
    </system-out>
  </testcase> <!-- bankManagerLoginTest -->
  <system-out>
    <![CDATA[Login Successfully Executed!]]>
  </system-out>
</testsuite> <!-- amal2004.testcases.BankManagerLoginTest -->
