<?xml version="1.0" encoding="UTF-8"?>
<!-- Generated by org.testng.reporters.JUnitReportReporter -->
<testsuite hostname="Amals_HP_Envy" failures="0" tests="4" name="amal2004.testcases.AddCustomerTest" time="14.935" errors="0" timestamp="2025-04-21T22:18:17 EDT" skipped="1">
  <testcase classname="amal2004.testcases.AddCustomerTest" name="addCustomerTest" time="4.552"/>
  <testcase classname="amal2004.testcases.AddCustomerTest" name="addCustomerTest" time="5.358"/>
  <testcase classname="amal2004.testcases.AddCustomerTest" name="addCustomerTest" time="4.876"/>
  <testcase classname="amal2004.testcases.AddCustomerTest" name="addCustomerTest" time="0.149">
    <skipped/>
  </testcase> <!-- addCustomerTest -->
  <system-out>
    <![CDATA[Login Successfully Executed!]]>
  </system-out>
</testsuite> <!-- amal2004.testcases.AddCustomerTest -->
