<?xml version="1.0" encoding="UTF-8"?>
<!-- Generated by org.testng.reporters.JUnitReportReporter -->
<testsuite hostname="Amals_HP_Envy" failures="0" tests="4" name="amal2004.testcases.AddCustomerTest" time="13.833" errors="0" timestamp="2025-03-29T17:40:37 EDT" skipped="1">
  <testcase classname="amal2004.testcases.AddCustomerTest" name="addCustomerTest" time="4.302"/>
  <testcase classname="amal2004.testcases.AddCustomerTest" name="addCustomerTest" time="5.244"/>
  <testcase classname="amal2004.testcases.AddCustomerTest" name="addCustomerTest" time="4.284"/>
  <testcase classname="amal2004.testcases.AddCustomerTest" name="addCustomerTest" time="0.003">
    <skipped/>
  </testcase> <!-- addCustomerTest -->
  <system-out>
    <![CDATA[Login Successfully Executed!]]>
  </system-out>
</testsuite> <!-- amal2004.testcases.AddCustomerTest -->
