<?xml version="1.0" encoding="UTF-8"?>
<!-- Generated by org.testng.reporters.JUnitReportReporter -->
<testsuite hostname="Amals_HP_Envy" failures="0" tests="1" name="amal2004.testcases.OpenAccountTest" time="3.652" errors="0" timestamp="2025-04-21T22:18:17 EDT" skipped="0">
  <testcase classname="amal2004.testcases.OpenAccountTest" name="openAccountTest" time="3.652"/>
  <system-out>
    <![CDATA[Login Successfully Executed!]]>
  </system-out>
</testsuite> <!-- amal2004.testcases.OpenAccountTest -->
