<?xml version="1.0" encoding="UTF-8"?>
<!-- Generated by org.testng.reporters.JUnitReportReporter -->
<testsuite hostname="Amals_HP_Envy" failures="0" tests="4" name="amal2004.testcases.AddCustomerTest" time="14.310" errors="0" timestamp="2025-03-15T21:28:05 EDT" skipped="1">
  <testcase classname="amal2004.testcases.AddCustomerTest" name="addCustomerTest" time="0.000">
    <skipped/>
  </testcase> <!-- addCustomerTest -->
  <testcase classname="amal2004.testcases.AddCustomerTest" name="addCustomerTest" time="5.635"/>
  <testcase classname="amal2004.testcases.AddCustomerTest" name="addCustomerTest" time="4.311"/>
  <testcase classname="amal2004.testcases.AddCustomerTest" name="addCustomerTest" time="4.364"/>
  <system-out>
    <![CDATA[Login Successfully Executed!]]>
  </system-out>
</testsuite> <!-- amal2004.testcases.AddCustomerTest -->
