<?xml version="1.0" encoding="UTF-8"?>
<!-- Generated by org.testng.reporters.JUnitReportReporter -->
<testsuite hostname="Amals_HP_Envy" failures="0" tests="1" name="amal2004.testcases.BankManagerLoginTest" time="0.000" errors="0" timestamp="2025-04-21T10:41:48 EDT" skipped="1">
  <testcase classname="amal2004.testcases.BankManagerLoginTest" name="bankManagerLoginTest" time="0.000">
    <skipped/>
  </testcase> <!-- bankManagerLoginTest -->
</testsuite> <!-- amal2004.testcases.BankManagerLoginTest -->
